<?xml version="1.0" encoding="UTF-8"?>
<testsuite xmlns:xsi="http://www.w3.org/2001/XMLSchema-instance" xsi:noNamespaceSchemaLocation="https://maven.apache.org/surefire/maven-surefire-plugin/xsd/surefire-test-report.xsd" name="Test" time="9.75" tests="5" errors="0" skipped="0" failures="0">
  <properties>
[...]
</properties>
  <testcase name="Given url &apos;http://jsonplaceholder.typicode.com/posts&apos;" classname="Scenario: Fetch random quote" time="0"/>
  <testcase name="Given path &apos;1&apos;" classname="Scenario: Fetch random quote" time="0"/>
  <testcase name="When method GET" classname="Scenario: Fetch random quote" time="0.001"/>
  <testcase name="Then status 200" classname="Scenario: Fetch random quote" time="0"/>
  <testcase name="Scenario: Fetch random quote" classname="Scenario: Fetch random quote" time="0.002"/>
</testsuite>